<?xml version="1.0" encoding="UTF-8"?>
<testng-results skipped="0" failed="0" ignored="0" total="1" passed="1">
  <reporter-output>
  </reporter-output>
  <suite name="Default suite" duration-ms="24615" started-at="2019-02-26T14:08:20Z" finished-at="2019-02-26T14:08:45Z">
    <groups>
    </groups>
    <test name="Default test" duration-ms="24615" started-at="2019-02-26T14:08:20Z" finished-at="2019-02-26T14:08:45Z">
      <class name="packHandling.confirmationAlert">
        <test-method status="PASS" signature="confirmAlert()[pri:0, instance:packHandling.confirmationAlert@480bdb19]" name="confirmAlert" duration-ms="24548" started-at="2019-02-26T14:08:20Z" finished-at="2019-02-26T14:08:45Z">
          <reporter-output>
          </reporter-output>
        </test-method> <!-- confirmAlert -->
      </class> <!-- packHandling.confirmationAlert -->
    </test> <!-- Default test -->
  </suite> <!-- Default suite -->
</testng-results>
